1.00000e+00 0.00000e+00 0.00000e+00
2.00000e+00 -4.71241e-20 0.00000e+00
3.00000e+00 0.00000e+00 -1.94078e-01
4.00000e+00 -3.92136e-01 -7.24269e-01
5.00000e+00 0.00000e+00 4.45475e-17
6.00000e+00 9.96813e-17 -3.23549e-17
7.00000e+00 7.50486e-19 0.00000e+00
8.00000e+00 0.00000e+00 0.00000e+00
9.00000e+00 5.94492e-01 2.04177e-01
1.00000e+01 0.00000e+00 2.16276e-12
1.10000e+01 6.85685e-18 -2.08962e-18
1.20000e+01 0.00000e+00 5.58577e-17
1.30000e+01 0.00000e+00 0.00000e+00
1.40000e+01 0.00000e+00 0.00000e+00
1.50000e+01 0.00000e+00 0.00000e+00
1.60000e+01 0.00000e+00 0.00000e+00
1.70000e+01 0.00000e+00 0.00000e+00
1.80000e+01 0.00000e+00 0.00000e+00
1.90000e+01 0.00000e+00 0.00000e+00
2.00000e+01 0.00000e+00 0.00000e+00
2.10000e+01 0.00000e+00 0.00000e+00
2.20000e+01 0.00000e+00 0.00000e+00
