1.00000e+00 0.00000e+00 0.00000e+00
2.00000e+00 5.41953e-20 0.00000e+00
3.00000e+00 0.00000e+00 -3.50215e-01
4.00000e+00 -5.76762e-01 1.39191e-01
5.00000e+00 0.00000e+00 -6.93969e-18
6.00000e+00 -1.38785e-17 -3.33566e-22
7.00000e+00 4.62438e-22 0.00000e+00
8.00000e+00 0.00000e+00 0.00000e+00
9.00000e+00 -5.17829e-02 -7.96085e-01
1.00000e+01 0.00000e+00 4.29901e-12
1.10000e+01 -3.46903e-18 -6.13018e-22
1.20000e+01 0.00000e+00 6.97619e-22
1.30000e+01 0.00000e+00 0.00000e+00
1.40000e+01 0.00000e+00 0.00000e+00
1.50000e+01 0.00000e+00 0.00000e+00
1.60000e+01 0.00000e+00 0.00000e+00
1.70000e+01 0.00000e+00 0.00000e+00
1.80000e+01 0.00000e+00 0.00000e+00
1.90000e+01 0.00000e+00 0.00000e+00
2.00000e+01 0.00000e+00 0.00000e+00
2.10000e+01 0.00000e+00 0.00000e+00
2.20000e+01 0.00000e+00 0.00000e+00
