1.00000e+00 0.00000e+00 0.00000e+00
2.00000e+00 4.95562e-09 0.00000e+00
3.00000e+00 0.00000e+00 -5.94503e-02
4.00000e+00 -1.28818e-01 4.86663e-01
5.00000e+00 0.00000e+00 -5.43274e-07
6.00000e+00 -1.07035e-06 1.36542e-06
7.00000e+00 1.21668e-07 0.00000e+00
8.00000e+00 0.00000e+00 0.00000e+00
9.00000e+00 4.27821e-01 1.76744e-01
1.00000e+01 0.00000e+00 -7.99920e-01
1.10000e+01 -1.81467e-07 4.62363e-07
1.20000e+01 0.00000e+00 -6.10683e-07
1.30000e+01 0.00000e+00 0.00000e+00
1.40000e+01 -0.00000e+00 0.00000e+00
1.50000e+01 -0.00000e+00 0.00000e+00
1.60000e+01 0.00000e+00 -0.00000e+00
1.70000e+01 0.00000e+00 -0.00000e+00
1.80000e+01 -0.00000e+00 -0.00000e+00
1.90000e+01 0.00000e+00 0.00000e+00
2.00000e+01 0.00000e+00 -0.00000e+00
2.10000e+01 0.00000e+00 -0.00000e+00
2.20000e+01 0.00000e+00 -0.00000e+00
